mode: atomic
github.com\VivaLaPanda\uta-stream\encoder\encoder.go:21.79,33.12 7 1
github.com\VivaLaPanda\uta-stream\encoder\encoder.go:57.2,57.22 1 1
github.com\VivaLaPanda\uta-stream\encoder\encoder.go:33.12,35.16 1 1
github.com\VivaLaPanda\uta-stream\encoder\encoder.go:40.3,42.18 3 1
github.com\VivaLaPanda\uta-stream\encoder\encoder.go:54.3,54.17 1 1
github.com\VivaLaPanda\uta-stream\encoder\encoder.go:35.16,37.4 1 1
github.com\VivaLaPanda\uta-stream\encoder\encoder.go:42.18,45.11 1 422
github.com\VivaLaPanda\uta-stream\encoder\encoder.go:49.4,52.25 4 422
github.com\VivaLaPanda\uta-stream\encoder\encoder.go:46.37,46.37 0 421
github.com\VivaLaPanda\uta-stream\encoder\encoder.go:47.12,47.12 0 1
github.com\VivaLaPanda\uta-stream\encoder\encoder.go:61.72,68.12 4 1
github.com\VivaLaPanda\uta-stream\encoder\encoder.go:86.2,86.24 1 1
github.com\VivaLaPanda\uta-stream\encoder\encoder.go:68.12,73.39 5 1
github.com\VivaLaPanda\uta-stream\encoder\encoder.go:82.3,83.17 2 0
github.com\VivaLaPanda\uta-stream\encoder\encoder.go:73.39,77.11 4 8052
github.com\VivaLaPanda\uta-stream\encoder\encoder.go:78.43,78.43 0 425
github.com\VivaLaPanda\uta-stream\encoder\encoder.go:79.12,79.12 0 7626
github.com\VivaLaPanda\uta-stream\queue\auto\autoq.go:29.84,34.16 3 5
github.com\VivaLaPanda\uta-stream\queue\auto\autoq.go:41.2,41.16 1 5
github.com\VivaLaPanda\uta-stream\queue\auto\autoq.go:47.2,47.12 1 5
github.com\VivaLaPanda\uta-stream\queue\auto\autoq.go:58.2,58.10 1 5
github.com\VivaLaPanda\uta-stream\queue\auto\autoq.go:34.16,36.3 1 2
github.com\VivaLaPanda\uta-stream\queue\auto\autoq.go:36.8,36.31 1 3
github.com\VivaLaPanda\uta-stream\queue\auto\autoq.go:36.31,39.3 2 3
github.com\VivaLaPanda\uta-stream\queue\auto\autoq.go:41.16,43.19 2 0
github.com\VivaLaPanda\uta-stream\queue\auto\autoq.go:47.12,48.7 1 5
github.com\VivaLaPanda\uta-stream\queue\auto\autoq.go:48.7,51.18 3 5
github.com\VivaLaPanda\uta-stream\queue\auto\autoq.go:51.18,54.5 1 0
github.com\VivaLaPanda\uta-stream\queue\auto\autoq.go:63.49,66.16 3 5
github.com\VivaLaPanda\uta-stream\queue\auto\autoq.go:69.2,74.12 5 5
github.com\VivaLaPanda\uta-stream\queue\auto\autoq.go:66.16,68.3 1 0
github.com\VivaLaPanda\uta-stream\queue\auto\autoq.go:80.48,83.16 3 4
github.com\VivaLaPanda\uta-stream\queue\auto\autoq.go:89.2,89.16 1 4
github.com\VivaLaPanda\uta-stream\queue\auto\autoq.go:93.2,93.12 1 4
github.com\VivaLaPanda\uta-stream\queue\auto\autoq.go:83.16,88.3 4 4
github.com\VivaLaPanda\uta-stream\queue\auto\autoq.go:89.16,91.3 1 0
github.com\VivaLaPanda\uta-stream\queue\auto\autoq.go:97.34,99.2 1 2
github.com\VivaLaPanda\uta-stream\queue\auto\autoq.go:104.68,110.56 5 6
github.com\VivaLaPanda\uta-stream\queue\auto\autoq.go:115.2,115.29 1 6
github.com\VivaLaPanda\uta-stream\queue\auto\autoq.go:118.2,118.40 1 6
github.com\VivaLaPanda\uta-stream\queue\auto\autoq.go:110.56,111.26 1 2
github.com\VivaLaPanda\uta-stream\queue\auto\autoq.go:111.26,113.4 1 2
github.com\VivaLaPanda\uta-stream\queue\auto\autoq.go:115.29,117.3 1 4
github.com\VivaLaPanda\uta-stream\queue\auto\autoq.go:125.33,127.2 1 8
github.com\VivaLaPanda\uta-stream\queue\auto\autoq.go:130.36,133.2 2 6
github.com\VivaLaPanda\uta-stream\queue\auto\autoq.go:147.61,150.2 2 5
github.com\VivaLaPanda\uta-stream\queue\auto\autoq.go:153.35,162.28 5 2
github.com\VivaLaPanda\uta-stream\queue\auto\autoq.go:165.2,167.33 3 2
github.com\VivaLaPanda\uta-stream\queue\auto\autoq.go:179.2,179.23 1 2
github.com\VivaLaPanda\uta-stream\queue\auto\autoq.go:184.2,184.47 1 2
github.com\VivaLaPanda\uta-stream\queue\auto\autoq.go:192.2,195.16 2 2
github.com\VivaLaPanda\uta-stream\queue\auto\autoq.go:199.2,199.13 1 2
github.com\VivaLaPanda\uta-stream\queue\auto\autoq.go:162.28,164.3 1 0
github.com\VivaLaPanda\uta-stream\queue\auto\autoq.go:167.33,168.25 1 5
github.com\VivaLaPanda\uta-stream\queue\auto\autoq.go:175.3,175.11 1 3
github.com\VivaLaPanda\uta-stream\queue\auto\autoq.go:168.25,170.47 2 2
github.com\VivaLaPanda\uta-stream\queue\auto\autoq.go:173.4,173.20 1 0
github.com\VivaLaPanda\uta-stream\queue\auto\autoq.go:170.47,171.10 1 2
github.com\VivaLaPanda\uta-stream\queue\auto\autoq.go:179.23,181.3 1 0
github.com\VivaLaPanda\uta-stream\queue\auto\autoq.go:184.47,186.30 2 2
github.com\VivaLaPanda\uta-stream\queue\auto\autoq.go:186.30,188.4 1 0
github.com\VivaLaPanda\uta-stream\queue\auto\autoq.go:195.16,197.3 1 0
github.com\VivaLaPanda\uta-stream\api\api.go:41.119,48.16 5 0
github.com\VivaLaPanda\uta-stream\api\api.go:53.2,73.33 13 0
github.com\VivaLaPanda\uta-stream\api\api.go:78.2,92.12 6 0
github.com\VivaLaPanda\uta-stream\api\api.go:107.2,109.79 3 0
github.com\VivaLaPanda\uta-stream\api\api.go:113.2,114.34 2 0
github.com\VivaLaPanda\uta-stream\api\api.go:48.16,50.3 1 0
github.com\VivaLaPanda\uta-stream\api\api.go:73.33,75.3 1 0
github.com\VivaLaPanda\uta-stream\api\api.go:92.12,101.46 7 0
github.com\VivaLaPanda\uta-stream\api\api.go:104.3,104.14 1 0
github.com\VivaLaPanda\uta-stream\api\api.go:101.46,103.4 1 0
github.com\VivaLaPanda\uta-stream\api\api.go:109.79,111.3 1 0
github.com\VivaLaPanda\uta-stream\api\api.go:118.55,122.2 2 0
github.com\VivaLaPanda\uta-stream\api\api.go:126.27,127.71 1 0
github.com\VivaLaPanda\uta-stream\api\api.go:127.71,133.3 4 0
github.com\VivaLaPanda\uta-stream\api\api.go:139.93,140.71 1 0
github.com\VivaLaPanda\uta-stream\api\api.go:140.71,142.28 2 0
github.com\VivaLaPanda\uta-stream\api\api.go:148.3,148.31 1 0
github.com\VivaLaPanda\uta-stream\api\api.go:156.3,156.38 1 0
github.com\VivaLaPanda\uta-stream\api\api.go:166.3,170.41 3 0
github.com\VivaLaPanda\uta-stream\api\api.go:142.28,147.4 3 0
github.com\VivaLaPanda\uta-stream\api\api.go:148.31,152.4 3 0
github.com\VivaLaPanda\uta-stream\api\api.go:156.38,159.18 3 0
github.com\VivaLaPanda\uta-stream\api\api.go:163.4,163.26 1 0
github.com\VivaLaPanda\uta-stream\api\api.go:159.18,162.5 2 0
github.com\VivaLaPanda\uta-stream\api\api.go:175.40,176.71 1 0
github.com\VivaLaPanda\uta-stream\api\api.go:176.71,183.3 3 0
github.com\VivaLaPanda\uta-stream\api\api.go:186.40,187.71 1 0
github.com\VivaLaPanda\uta-stream\api\api.go:187.71,191.3 3 0
github.com\VivaLaPanda\uta-stream\api\api.go:194.41,195.71 1 0
github.com\VivaLaPanda\uta-stream\api\api.go:195.71,200.3 3 0
github.com\VivaLaPanda\uta-stream\api\api.go:203.81,204.71 1 0
github.com\VivaLaPanda\uta-stream\api\api.go:204.71,212.33 2 0
github.com\VivaLaPanda\uta-stream\api\api.go:216.3,227.17 3 0
github.com\VivaLaPanda\uta-stream\api\api.go:233.3,234.38 2 0
github.com\VivaLaPanda\uta-stream\api\api.go:212.33,214.4 1 0
github.com\VivaLaPanda\uta-stream\api\api.go:227.17,231.4 3 0
github.com\VivaLaPanda\uta-stream\api\api.go:238.66,239.46 1 0
github.com\VivaLaPanda\uta-stream\api\api.go:239.46,240.72 1 0
github.com\VivaLaPanda\uta-stream\api\api.go:240.72,241.17 1 0
github.com\VivaLaPanda\uta-stream\api\api.go:248.4,248.24 1 0
github.com\VivaLaPanda\uta-stream\api\api.go:241.17,243.12 2 0
github.com\VivaLaPanda\uta-stream\api\api.go:246.5,246.81 1 0
github.com\VivaLaPanda\uta-stream\api\api.go:243.12,245.6 1 0
github.com\VivaLaPanda\uta-stream\api\api.go:253.75,254.46 1 0
github.com\VivaLaPanda\uta-stream\api\api.go:254.46,255.72 1 0
github.com\VivaLaPanda\uta-stream\api\api.go:255.72,257.23 2 0
github.com\VivaLaPanda\uta-stream\api\api.go:260.4,262.41 3 0
github.com\VivaLaPanda\uta-stream\api\api.go:257.23,259.5 1 0
github.com\VivaLaPanda\uta-stream\api\api.go:267.55,268.71 1 0
github.com\VivaLaPanda\uta-stream\api\api.go:268.71,274.3 3 0
github.com\VivaLaPanda\uta-stream\api\auth.go:20.97,23.26 3 4
github.com\VivaLaPanda\uta-stream\api\auth.go:26.2,28.16 3 3
github.com\VivaLaPanda\uta-stream\api\auth.go:32.2,35.16 4 2
github.com\VivaLaPanda\uta-stream\api\auth.go:40.2,41.16 2 2
github.com\VivaLaPanda\uta-stream\api\auth.go:45.2,47.28 3 2
github.com\VivaLaPanda\uta-stream\api\auth.go:23.26,25.3 1 1
github.com\VivaLaPanda\uta-stream\api\auth.go:28.16,30.3 1 1
github.com\VivaLaPanda\uta-stream\api\auth.go:35.16,37.3 1 0
github.com\VivaLaPanda\uta-stream\api\auth.go:41.16,43.3 1 0
github.com\VivaLaPanda\uta-stream\api\auth.go:52.71,53.71 1 0
github.com\VivaLaPanda\uta-stream\api\auth.go:53.71,54.19 1 0
github.com\VivaLaPanda\uta-stream\api\auth.go:59.3,62.38 3 0
github.com\VivaLaPanda\uta-stream\api\auth.go:54.19,57.4 2 0
github.com\VivaLaPanda\uta-stream\api\auth.go:62.38,65.4 1 0
github.com\VivaLaPanda\uta-stream\api\auth.go:65.9,68.4 1 0
github.com\VivaLaPanda\uta-stream\api\auth.go:72.83,74.46 1 2
github.com\VivaLaPanda\uta-stream\api\auth.go:78.2,79.50 2 2
github.com\VivaLaPanda\uta-stream\api\auth.go:74.46,77.3 1 0
github.com\VivaLaPanda\uta-stream\api\auth.go:79.50,80.30 1 2
github.com\VivaLaPanda\uta-stream\api\auth.go:89.3,89.15 1 0
github.com\VivaLaPanda\uta-stream\api\auth.go:80.30,81.19 1 2
github.com\VivaLaPanda\uta-stream\api\auth.go:85.4,85.34 1 1
github.com\VivaLaPanda\uta-stream\api\auth.go:81.19,83.5 1 1
github.com\VivaLaPanda\uta-stream\api\auth.go:85.34,87.5 1 1
github.com\VivaLaPanda\uta-stream\api\auth.go:90.8,92.3 1 0
github.com\VivaLaPanda\uta-stream\resource\metadata\metadata.go:20.44,26.16 4 4
github.com\VivaLaPanda\uta-stream\resource\metadata\metadata.go:33.2,33.16 1 4
github.com\VivaLaPanda\uta-stream\resource\metadata\metadata.go:38.2,38.10 1 4
github.com\VivaLaPanda\uta-stream\resource\metadata\metadata.go:26.16,28.3 1 0
github.com\VivaLaPanda\uta-stream\resource\metadata\metadata.go:28.8,28.31 1 4
github.com\VivaLaPanda\uta-stream\resource\metadata\metadata.go:28.31,31.3 1 4
github.com\VivaLaPanda\uta-stream\resource\metadata\metadata.go:33.16,35.19 2 0
github.com\VivaLaPanda\uta-stream\resource\metadata\metadata.go:43.46,46.16 3 7
github.com\VivaLaPanda\uta-stream\resource\metadata\metadata.go:49.2,54.12 5 7
github.com\VivaLaPanda\uta-stream\resource\metadata\metadata.go:46.16,48.3 1 0
github.com\VivaLaPanda\uta-stream\resource\metadata\metadata.go:60.45,63.16 3 2
github.com\VivaLaPanda\uta-stream\resource\metadata\metadata.go:69.2,69.16 1 2
github.com\VivaLaPanda\uta-stream\resource\metadata\metadata.go:73.2,73.12 1 2
github.com\VivaLaPanda\uta-stream\resource\metadata\metadata.go:63.16,68.3 4 2
github.com\VivaLaPanda\uta-stream\resource\metadata\metadata.go:69.16,71.3 1 0
github.com\VivaLaPanda\uta-stream\resource\metadata\metadata.go:76.58,77.25 1 3
github.com\VivaLaPanda\uta-stream\resource\metadata\metadata.go:80.2,80.32 1 3
github.com\VivaLaPanda\uta-stream\resource\metadata\metadata.go:85.2,89.13 4 3
github.com\VivaLaPanda\uta-stream\resource\metadata\metadata.go:93.2,93.14 1 3
github.com\VivaLaPanda\uta-stream\resource\metadata\metadata.go:77.25,79.3 1 0
github.com\VivaLaPanda\uta-stream\resource\metadata\metadata.go:80.32,82.3 1 0
github.com\VivaLaPanda\uta-stream\resource\metadata\metadata.go:89.13,91.3 1 1
github.com\VivaLaPanda\uta-stream\resource\metadata\metadata.go:96.66,104.54 5 2
github.com\VivaLaPanda\uta-stream\resource\metadata\metadata.go:108.2,108.12 1 2
github.com\VivaLaPanda\uta-stream\resource\metadata\metadata.go:104.54,106.3 1 2
github.com\VivaLaPanda\uta-stream\resource\cache\cache.go:46.82,59.16 5 3
github.com\VivaLaPanda\uta-stream\resource\cache\cache.go:66.2,66.16 1 3
github.com\VivaLaPanda\uta-stream\resource\cache\cache.go:72.2,72.12 1 3
github.com\VivaLaPanda\uta-stream\resource\cache\cache.go:83.2,83.10 1 3
github.com\VivaLaPanda\uta-stream\resource\cache\cache.go:59.16,61.3 1 0
github.com\VivaLaPanda\uta-stream\resource\cache\cache.go:61.8,61.31 1 3
github.com\VivaLaPanda\uta-stream\resource\cache\cache.go:61.31,64.3 2 3
github.com\VivaLaPanda\uta-stream\resource\cache\cache.go:66.16,68.19 2 0
github.com\VivaLaPanda\uta-stream\resource\cache\cache.go:72.12,73.7 1 3
github.com\VivaLaPanda\uta-stream\resource\cache\cache.go:73.7,76.18 3 3
github.com\VivaLaPanda\uta-stream\resource\cache\cache.go:76.18,79.5 1 0
github.com\VivaLaPanda\uta-stream\resource\cache\cache.go:88.46,91.16 3 4
github.com\VivaLaPanda\uta-stream\resource\cache\cache.go:94.2,99.12 5 4
github.com\VivaLaPanda\uta-stream\resource\cache\cache.go:91.16,93.3 1 0
github.com\VivaLaPanda\uta-stream\resource\cache\cache.go:105.45,108.16 3 1
github.com\VivaLaPanda\uta-stream\resource\cache\cache.go:114.2,114.16 1 1
github.com\VivaLaPanda\uta-stream\resource\cache\cache.go:118.2,118.12 1 1
github.com\VivaLaPanda\uta-stream\resource\cache\cache.go:108.16,113.3 4 1
github.com\VivaLaPanda\uta-stream\resource\cache\cache.go:114.16,116.3 1 0
github.com\VivaLaPanda\uta-stream\resource\cache\cache.go:123.72,126.16 2 0
github.com\VivaLaPanda\uta-stream\resource\cache\cache.go:130.2,134.25 4 0
github.com\VivaLaPanda\uta-stream\resource\cache\cache.go:126.16,128.3 1 0
github.com\VivaLaPanda\uta-stream\resource\cache\cache.go:139.75,142.16 2 1
github.com\VivaLaPanda\uta-stream\resource\cache\cache.go:147.2,151.13 4 1
github.com\VivaLaPanda\uta-stream\resource\cache\cache.go:182.2,182.24 1 1
github.com\VivaLaPanda\uta-stream\resource\cache\cache.go:142.16,144.3 1 0
github.com\VivaLaPanda\uta-stream\resource\cache\cache.go:151.13,159.72 3 1
github.com\VivaLaPanda\uta-stream\resource\cache\cache.go:159.72,164.18 3 1
github.com\VivaLaPanda\uta-stream\resource\cache\cache.go:168.4,178.24 7 0
github.com\VivaLaPanda\uta-stream\resource\cache\cache.go:164.18,166.5 1 0
github.com\VivaLaPanda\uta-stream\resource\cache\cache.go:187.73,189.16 2 0
github.com\VivaLaPanda\uta-stream\resource\cache\cache.go:193.2,193.29 1 0
github.com\VivaLaPanda\uta-stream\resource\cache\cache.go:189.16,191.3 1 0
github.com\VivaLaPanda\uta-stream\resource\cache\cache.go:197.68,199.16 2 1
github.com\VivaLaPanda\uta-stream\resource\cache\cache.go:204.2,204.88 1 1
github.com\VivaLaPanda\uta-stream\resource\cache\cache.go:213.2,213.32 1 1
github.com\VivaLaPanda\uta-stream\resource\cache\cache.go:199.16,201.3 1 0
github.com\VivaLaPanda\uta-stream\resource\cache\cache.go:204.88,207.3 2 0
github.com\VivaLaPanda\uta-stream\resource\cache\cache.go:207.8,211.3 3 1
github.com\VivaLaPanda\uta-stream\resource\cache\placeholder.go:23.100,27.39 2 1
github.com\VivaLaPanda\uta-stream\resource\cache\placeholder.go:31.2,33.34 2 1
github.com\VivaLaPanda\uta-stream\resource\cache\placeholder.go:27.39,30.3 2 1
github.com\VivaLaPanda\uta-stream\resource\cache\placeholder.go:38.98,39.25 1 1
github.com\VivaLaPanda\uta-stream\resource\cache\placeholder.go:42.2,42.32 1 1
github.com\VivaLaPanda\uta-stream\resource\cache\placeholder.go:48.2,49.13 2 1
github.com\VivaLaPanda\uta-stream\resource\cache\placeholder.go:52.2,56.27 2 1
github.com\VivaLaPanda\uta-stream\resource\cache\placeholder.go:65.2,65.32 1 1
github.com\VivaLaPanda\uta-stream\resource\cache\placeholder.go:39.25,41.3 1 0
github.com\VivaLaPanda\uta-stream\resource\cache\placeholder.go:42.32,45.3 2 0
github.com\VivaLaPanda\uta-stream\resource\cache\placeholder.go:49.13,51.3 1 0
github.com\VivaLaPanda\uta-stream\resource\cache\placeholder.go:56.27,57.29 1 0
github.com\VivaLaPanda\uta-stream\resource\cache\placeholder.go:61.3,62.34 2 0
github.com\VivaLaPanda\uta-stream\resource\cache\placeholder.go:57.29,60.4 1 0
github.com\VivaLaPanda\uta-stream\resource\cache\placeholder.go:68.77,69.56 1 0
github.com\VivaLaPanda\uta-stream\resource\cache\placeholder.go:72.2,73.13 2 0
github.com\VivaLaPanda\uta-stream\resource\cache\placeholder.go:77.2,77.28 1 0
github.com\VivaLaPanda\uta-stream\resource\cache\placeholder.go:81.2,83.30 2 0
github.com\VivaLaPanda\uta-stream\resource\cache\placeholder.go:69.56,71.3 1 0
github.com\VivaLaPanda\uta-stream\resource\cache\placeholder.go:73.13,75.3 1 0
github.com\VivaLaPanda\uta-stream\resource\cache\placeholder.go:77.28,79.3 1 0
github.com\VivaLaPanda\uta-stream\stream\serve.go:22.13,24.2 1 1
github.com\VivaLaPanda\uta-stream\stream\serve.go:27.36,29.19 2 0
github.com\VivaLaPanda\uta-stream\stream\serve.go:32.2,32.18 1 0
github.com\VivaLaPanda\uta-stream\stream\serve.go:29.19,31.3 1 0
github.com\VivaLaPanda\uta-stream\stream\serve.go:35.66,38.9 2 0
github.com\VivaLaPanda\uta-stream\stream\serve.go:41.2,55.12 10 0
github.com\VivaLaPanda\uta-stream\stream\serve.go:61.2,62.43 2 0
github.com\VivaLaPanda\uta-stream\stream\serve.go:38.9,39.62 1 0
github.com\VivaLaPanda\uta-stream\stream\serve.go:55.12,58.3 2 0
github.com\VivaLaPanda\uta-stream\stream\serve.go:62.43,64.17 2 0
github.com\VivaLaPanda\uta-stream\stream\serve.go:70.3,70.18 1 0
github.com\VivaLaPanda\uta-stream\stream\serve.go:64.17,69.4 4 0
github.com\VivaLaPanda\uta-stream\stream\serve.go:74.83,79.16 4 0
github.com\VivaLaPanda\uta-stream\stream\serve.go:87.2,87.12 1 0
github.com\VivaLaPanda\uta-stream\stream\serve.go:101.2,101.12 1 0
github.com\VivaLaPanda\uta-stream\stream\serve.go:119.2,123.71 3 0
github.com\VivaLaPanda\uta-stream\stream\serve.go:79.16,80.40 1 0
github.com\VivaLaPanda\uta-stream\stream\serve.go:87.12,88.38 1 0
github.com\VivaLaPanda\uta-stream\stream\serve.go:88.38,96.4 5 0
github.com\VivaLaPanda\uta-stream\stream\serve.go:101.12,102.38 1 0
github.com\VivaLaPanda\uta-stream\stream\serve.go:102.38,103.39 1 0
github.com\VivaLaPanda\uta-stream\stream\serve.go:114.4,114.71 1 0
github.com\VivaLaPanda\uta-stream\stream\serve.go:103.39,104.12 1 0
github.com\VivaLaPanda\uta-stream\stream\serve.go:105.33,105.33 0 0
github.com\VivaLaPanda\uta-stream\stream\serve.go:107.13,107.13 0 0
github.com\VivaLaPanda\uta-stream\stream\serve.go:123.71,125.3 1 0
github.com\VivaLaPanda\uta-stream\resource\download\download.go:28.131,30.56 1 1
github.com\VivaLaPanda\uta-stream\resource\download\download.go:35.2,36.16 2 1
github.com\VivaLaPanda\uta-stream\resource\download\download.go:43.2,43.28 1 1
github.com\VivaLaPanda\uta-stream\resource\download\download.go:30.56,32.3 1 0
github.com\VivaLaPanda\uta-stream\resource\download\download.go:36.16,40.3 1 0
github.com\VivaLaPanda\uta-stream\resource\download\download.go:44.52,45.63 1 1
github.com\VivaLaPanda\uta-stream\resource\download\download.go:46.10,48.65 1 0
github.com\VivaLaPanda\uta-stream\resource\download\download.go:52.140,55.28 2 2
github.com\VivaLaPanda\uta-stream\resource\download\download.go:64.2,64.16 1 2
github.com\VivaLaPanda\uta-stream\resource\download\download.go:69.2,79.16 4 2
github.com\VivaLaPanda\uta-stream\resource\download\download.go:84.2,86.12 3 2
github.com\VivaLaPanda\uta-stream\resource\download\download.go:97.2,103.16 5 2
github.com\VivaLaPanda\uta-stream\resource\download\download.go:106.2,106.12 1 2
github.com\VivaLaPanda\uta-stream\resource\download\download.go:127.2,132.16 4 2
github.com\VivaLaPanda\uta-stream\resource\download\download.go:136.2,139.47 2 2
github.com\VivaLaPanda\uta-stream\resource\download\download.go:143.2,143.22 1 2
github.com\VivaLaPanda\uta-stream\resource\download\download.go:56.40,57.52 1 1
github.com\VivaLaPanda\uta-stream\resource\download\download.go:58.18,59.57 1 1
github.com\VivaLaPanda\uta-stream\resource\download\download.go:60.10,62.98 1 0
github.com\VivaLaPanda\uta-stream\resource\download\download.go:64.16,66.3 1 0
github.com\VivaLaPanda\uta-stream\resource\download\download.go:79.16,81.3 1 0
github.com\VivaLaPanda\uta-stream\resource\download\download.go:86.12,89.17 3 2
github.com\VivaLaPanda\uta-stream\resource\download\download.go:92.3,94.16 3 2
github.com\VivaLaPanda\uta-stream\resource\download\download.go:89.17,91.4 1 0
github.com\VivaLaPanda\uta-stream\resource\download\download.go:103.16,105.3 1 0
github.com\VivaLaPanda\uta-stream\resource\download\download.go:106.12,110.24 4 2
github.com\VivaLaPanda\uta-stream\resource\download\download.go:116.3,119.24 4 2
github.com\VivaLaPanda\uta-stream\resource\download\download.go:123.3,123.18 1 2
github.com\VivaLaPanda\uta-stream\resource\download\download.go:110.24,112.4 1 1
github.com\VivaLaPanda\uta-stream\resource\download\download.go:112.9,114.4 1 1
github.com\VivaLaPanda\uta-stream\resource\download\download.go:119.24,122.4 2 1
github.com\VivaLaPanda\uta-stream\resource\download\download.go:132.16,134.3 1 0
github.com\VivaLaPanda\uta-stream\resource\download\download.go:139.47,141.3 1 0
github.com\VivaLaPanda\uta-stream\resource\download\download.go:148.85,150.16 2 2
github.com\VivaLaPanda\uta-stream\resource\download\download.go:153.2,154.16 2 2
github.com\VivaLaPanda\uta-stream\resource\download\download.go:157.2,157.39 1 2
github.com\VivaLaPanda\uta-stream\resource\download\download.go:162.2,164.22 2 2
github.com\VivaLaPanda\uta-stream\resource\download\download.go:150.16,152.3 1 0
github.com\VivaLaPanda\uta-stream\resource\download\download.go:154.16,156.3 1 0
github.com\VivaLaPanda\uta-stream\resource\download\download.go:157.39,159.3 1 0
github.com\VivaLaPanda\uta-stream\resource\download\utils.go:17.97,22.16 4 3
github.com\VivaLaPanda\uta-stream\resource\download\utils.go:26.2,28.16 3 3
github.com\VivaLaPanda\uta-stream\resource\download\utils.go:31.2,32.16 2 3
github.com\VivaLaPanda\uta-stream\resource\download\utils.go:35.2,37.42 2 3
github.com\VivaLaPanda\uta-stream\resource\download\utils.go:41.2,41.12 1 3
github.com\VivaLaPanda\uta-stream\resource\download\utils.go:57.2,57.33 1 3
github.com\VivaLaPanda\uta-stream\resource\download\utils.go:22.16,24.3 1 0
github.com\VivaLaPanda\uta-stream\resource\download\utils.go:28.16,30.3 1 0
github.com\VivaLaPanda\uta-stream\resource\download\utils.go:32.16,34.3 1 0
github.com\VivaLaPanda\uta-stream\resource\download\utils.go:37.42,39.3 1 0
github.com\VivaLaPanda\uta-stream\resource\download\utils.go:41.12,43.17 2 3
github.com\VivaLaPanda\uta-stream\resource\download\utils.go:48.3,48.14 1 3
github.com\VivaLaPanda\uta-stream\resource\download\utils.go:43.17,47.4 1 0
github.com\VivaLaPanda\uta-stream\queue\queue.go:25.85,31.2 1 2
github.com\VivaLaPanda\uta-stream\queue\queue.go:34.91,39.22 2 6
github.com\VivaLaPanda\uta-stream\queue\queue.go:61.2,70.16 6 4
github.com\VivaLaPanda\uta-stream\queue\queue.go:75.2,75.46 1 4
github.com\VivaLaPanda\uta-stream\queue\queue.go:39.22,40.21 1 2
github.com\VivaLaPanda\uta-stream\queue\queue.go:40.21,43.22 3 0
github.com\VivaLaPanda\uta-stream\queue\queue.go:49.4,50.18 2 0
github.com\VivaLaPanda\uta-stream\queue\queue.go:55.4,55.48 1 0
github.com\VivaLaPanda\uta-stream\queue\queue.go:43.22,45.5 1 0
github.com\VivaLaPanda\uta-stream\queue\queue.go:50.18,53.5 2 0
github.com\VivaLaPanda\uta-stream\queue\queue.go:56.9,58.4 1 2
github.com\VivaLaPanda\uta-stream\queue\queue.go:70.16,73.3 2 0
github.com\VivaLaPanda\uta-stream\queue\queue.go:80.32,81.22 1 0
github.com\VivaLaPanda\uta-stream\queue\queue.go:87.2,87.14 1 0
github.com\VivaLaPanda\uta-stream\queue\queue.go:81.22,82.22 1 0
github.com\VivaLaPanda\uta-stream\queue\queue.go:82.22,84.4 1 0
github.com\VivaLaPanda\uta-stream\queue\queue.go:91.45,95.2 3 2
github.com\VivaLaPanda\uta-stream\queue\queue.go:98.43,102.2 3 2
github.com\VivaLaPanda\uta-stream\queue\queue.go:105.24,109.2 3 0
github.com\VivaLaPanda\uta-stream\queue\queue.go:112.30,114.2 1 0
github.com\VivaLaPanda\uta-stream\queue\queue.go:118.37,122.32 3 0
github.com\VivaLaPanda\uta-stream\queue\queue.go:133.2,133.39 1 0
github.com\VivaLaPanda\uta-stream\queue\queue.go:136.2,144.14 6 0
github.com\VivaLaPanda\uta-stream\queue\queue.go:122.32,124.17 2 0
github.com\VivaLaPanda\uta-stream\queue\queue.go:124.17,127.4 2 0
github.com\VivaLaPanda\uta-stream\queue\queue.go:127.9,128.22 1 0
github.com\VivaLaPanda\uta-stream\queue\queue.go:128.22,130.5 1 0
github.com\VivaLaPanda\uta-stream\queue\queue.go:133.39,135.3 1 0
github.com\VivaLaPanda\uta-stream\queue\queue.go:147.41,150.2 2 0
github.com\VivaLaPanda\uta-stream\queue\queue.go:156.61,158.2 1 0
