mode: atomic
github.com\VivaLaPanda\uta-stream\encoder\encoder.go:21.79,33.12 7 1
github.com\VivaLaPanda\uta-stream\encoder\encoder.go:57.2,57.22 1 1
github.com\VivaLaPanda\uta-stream\encoder\encoder.go:33.12,35.16 1 1
github.com\VivaLaPanda\uta-stream\encoder\encoder.go:40.3,42.18 3 1
github.com\VivaLaPanda\uta-stream\encoder\encoder.go:54.3,54.17 1 1
github.com\VivaLaPanda\uta-stream\encoder\encoder.go:35.16,37.4 1 1
github.com\VivaLaPanda\uta-stream\encoder\encoder.go:42.18,45.11 1 422
github.com\VivaLaPanda\uta-stream\encoder\encoder.go:49.4,52.25 4 422
github.com\VivaLaPanda\uta-stream\encoder\encoder.go:46.37,46.37 0 421
github.com\VivaLaPanda\uta-stream\encoder\encoder.go:47.12,47.12 0 1
github.com\VivaLaPanda\uta-stream\encoder\encoder.go:61.72,68.12 4 1
github.com\VivaLaPanda\uta-stream\encoder\encoder.go:86.2,86.24 1 1
github.com\VivaLaPanda\uta-stream\encoder\encoder.go:68.12,73.39 5 1
github.com\VivaLaPanda\uta-stream\encoder\encoder.go:82.3,83.17 2 0
github.com\VivaLaPanda\uta-stream\encoder\encoder.go:73.39,77.11 4 8052
github.com\VivaLaPanda\uta-stream\encoder\encoder.go:78.43,78.43 0 426
github.com\VivaLaPanda\uta-stream\encoder\encoder.go:79.12,79.12 0 7625
github.com\VivaLaPanda\uta-stream\resource\song.go:28.73,38.24 2 6
github.com\VivaLaPanda\uta-stream\resource\song.go:47.2,47.15 1 6
github.com\VivaLaPanda\uta-stream\resource\song.go:52.2,52.18 1 6
github.com\VivaLaPanda\uta-stream\resource\song.go:38.24,40.3 1 0
github.com\VivaLaPanda\uta-stream\resource\song.go:40.8,42.17 2 6
github.com\VivaLaPanda\uta-stream\resource\song.go:42.17,44.4 1 0
github.com\VivaLaPanda\uta-stream\resource\song.go:47.15,50.3 2 2
github.com\VivaLaPanda\uta-stream\resource\song.go:55.46,57.20 2 1
github.com\VivaLaPanda\uta-stream\resource\song.go:63.2,73.4 1 1
github.com\VivaLaPanda\uta-stream\resource\song.go:57.20,59.3 1 1
github.com\VivaLaPanda\uta-stream\resource\song.go:59.8,61.3 1 0
github.com\VivaLaPanda\uta-stream\resource\song.go:76.49,83.51 2 1
github.com\VivaLaPanda\uta-stream\resource\song.go:87.2,91.49 5 1
github.com\VivaLaPanda\uta-stream\resource\song.go:95.2,95.12 1 1
github.com\VivaLaPanda\uta-stream\resource\song.go:83.51,85.3 1 0
github.com\VivaLaPanda\uta-stream\resource\song.go:91.49,93.3 1 0
github.com\VivaLaPanda\uta-stream\resource\song.go:98.49,100.22 1 2
github.com\VivaLaPanda\uta-stream\resource\song.go:106.2,106.9 1 2
github.com\VivaLaPanda\uta-stream\resource\song.go:100.22,102.3 1 0
github.com\VivaLaPanda\uta-stream\resource\song.go:107.33,109.20 2 1
github.com\VivaLaPanda\uta-stream\resource\song.go:110.10,111.24 1 1
github.com\VivaLaPanda\uta-stream\resource\song.go:115.34,117.2 1 1
github.com\VivaLaPanda\uta-stream\resource\song.go:119.31,121.2 1 4
github.com\VivaLaPanda\uta-stream\resource\song.go:123.77,125.9 1 2
github.com\VivaLaPanda\uta-stream\resource\song.go:135.2,135.21 1 2
github.com\VivaLaPanda\uta-stream\resource\song.go:142.2,142.9 1 0
github.com\VivaLaPanda\uta-stream\resource\song.go:126.27,127.18 1 0
github.com\VivaLaPanda\uta-stream\resource\song.go:128.33,128.33 0 1
github.com\VivaLaPanda\uta-stream\resource\song.go:129.10,129.10 0 1
github.com\VivaLaPanda\uta-stream\resource\song.go:135.21,137.3 1 1
github.com\VivaLaPanda\uta-stream\resource\song.go:137.8,137.29 1 1
github.com\VivaLaPanda\uta-stream\resource\song.go:137.29,139.3 1 1
github.com\VivaLaPanda\uta-stream\resource\song.go:143.33,144.30 1 0
github.com\VivaLaPanda\uta-stream\resource\song.go:145.27,146.18 1 0
github.com\VivaLaPanda\uta-stream\resource\song.go:150.43,151.9 1 0
github.com\VivaLaPanda\uta-stream\resource\song.go:152.27,153.13 1 0
github.com\VivaLaPanda\uta-stream\resource\song.go:154.10,155.13 1 0
github.com\VivaLaPanda\uta-stream\resource\song.go:159.37,161.2 1 8
github.com\VivaLaPanda\uta-stream\queue\auto\autoq.go:33.104,38.16 3 5
github.com\VivaLaPanda\uta-stream\queue\auto\autoq.go:45.2,45.16 1 5
github.com\VivaLaPanda\uta-stream\queue\auto\autoq.go:51.2,51.12 1 5
github.com\VivaLaPanda\uta-stream\queue\auto\autoq.go:62.2,62.10 1 5
github.com\VivaLaPanda\uta-stream\queue\auto\autoq.go:38.16,40.3 1 1
github.com\VivaLaPanda\uta-stream\queue\auto\autoq.go:40.8,40.31 1 4
github.com\VivaLaPanda\uta-stream\queue\auto\autoq.go:40.31,43.3 2 4
github.com\VivaLaPanda\uta-stream\queue\auto\autoq.go:45.16,47.19 2 0
github.com\VivaLaPanda\uta-stream\queue\auto\autoq.go:51.12,52.7 1 5
github.com\VivaLaPanda\uta-stream\queue\auto\autoq.go:52.7,55.18 3 5
github.com\VivaLaPanda\uta-stream\queue\auto\autoq.go:55.18,58.5 1 0
github.com\VivaLaPanda\uta-stream\queue\auto\autoq.go:67.49,70.16 3 6
github.com\VivaLaPanda\uta-stream\queue\auto\autoq.go:73.2,78.12 5 6
github.com\VivaLaPanda\uta-stream\queue\auto\autoq.go:70.16,72.3 1 0
github.com\VivaLaPanda\uta-stream\queue\auto\autoq.go:84.48,87.16 3 3
github.com\VivaLaPanda\uta-stream\queue\auto\autoq.go:93.2,93.16 1 3
github.com\VivaLaPanda\uta-stream\queue\auto\autoq.go:97.2,97.12 1 3
github.com\VivaLaPanda\uta-stream\queue\auto\autoq.go:87.16,92.3 4 3
github.com\VivaLaPanda\uta-stream\queue\auto\autoq.go:93.16,95.3 1 0
github.com\VivaLaPanda\uta-stream\queue\auto\autoq.go:101.51,103.2 1 2
github.com\VivaLaPanda\uta-stream\queue\auto\autoq.go:108.68,115.56 5 6
github.com\VivaLaPanda\uta-stream\queue\auto\autoq.go:120.2,120.29 1 6
github.com\VivaLaPanda\uta-stream\queue\auto\autoq.go:123.2,123.40 1 6
github.com\VivaLaPanda\uta-stream\queue\auto\autoq.go:115.56,116.26 1 2
github.com\VivaLaPanda\uta-stream\queue\auto\autoq.go:116.26,118.4 1 2
github.com\VivaLaPanda\uta-stream\queue\auto\autoq.go:120.29,122.3 1 4
github.com\VivaLaPanda\uta-stream\queue\auto\autoq.go:130.33,132.2 1 8
github.com\VivaLaPanda\uta-stream\queue\auto\autoq.go:135.36,138.2 2 6
github.com\VivaLaPanda\uta-stream\queue\auto\autoq.go:152.61,155.2 2 5
github.com\VivaLaPanda\uta-stream\queue\auto\autoq.go:158.35,167.28 5 2
github.com\VivaLaPanda\uta-stream\queue\auto\autoq.go:170.2,172.33 3 2
github.com\VivaLaPanda\uta-stream\queue\auto\autoq.go:184.2,184.23 1 2
github.com\VivaLaPanda\uta-stream\queue\auto\autoq.go:189.2,189.47 1 2
github.com\VivaLaPanda\uta-stream\queue\auto\autoq.go:197.2,200.16 2 2
github.com\VivaLaPanda\uta-stream\queue\auto\autoq.go:204.2,204.13 1 2
github.com\VivaLaPanda\uta-stream\queue\auto\autoq.go:167.28,169.3 1 0
github.com\VivaLaPanda\uta-stream\queue\auto\autoq.go:172.33,173.25 1 5
github.com\VivaLaPanda\uta-stream\queue\auto\autoq.go:180.3,180.11 1 3
github.com\VivaLaPanda\uta-stream\queue\auto\autoq.go:173.25,175.47 2 2
github.com\VivaLaPanda\uta-stream\queue\auto\autoq.go:178.4,178.20 1 0
github.com\VivaLaPanda\uta-stream\queue\auto\autoq.go:175.47,176.10 1 2
github.com\VivaLaPanda\uta-stream\queue\auto\autoq.go:184.23,186.3 1 0
github.com\VivaLaPanda\uta-stream\queue\auto\autoq.go:189.47,191.30 2 2
github.com\VivaLaPanda\uta-stream\queue\auto\autoq.go:191.30,193.4 1 0
github.com\VivaLaPanda\uta-stream\queue\auto\autoq.go:200.16,202.3 1 0
github.com\VivaLaPanda\uta-stream\api\api.go:41.97,48.16 5 0
github.com\VivaLaPanda\uta-stream\api\api.go:53.2,73.33 13 0
github.com\VivaLaPanda\uta-stream\api\api.go:78.2,92.12 6 0
github.com\VivaLaPanda\uta-stream\api\api.go:107.2,109.79 3 0
github.com\VivaLaPanda\uta-stream\api\api.go:113.2,114.34 2 0
github.com\VivaLaPanda\uta-stream\api\api.go:48.16,50.3 1 0
github.com\VivaLaPanda\uta-stream\api\api.go:73.33,75.3 1 0
github.com\VivaLaPanda\uta-stream\api\api.go:92.12,101.46 7 0
github.com\VivaLaPanda\uta-stream\api\api.go:104.3,104.14 1 0
github.com\VivaLaPanda\uta-stream\api\api.go:101.46,103.4 1 0
github.com\VivaLaPanda\uta-stream\api\api.go:109.79,111.3 1 0
github.com\VivaLaPanda\uta-stream\api\api.go:118.55,122.2 2 0
github.com\VivaLaPanda\uta-stream\api\api.go:126.27,127.71 1 0
github.com\VivaLaPanda\uta-stream\api\api.go:127.71,133.3 4 0
github.com\VivaLaPanda\uta-stream\api\api.go:139.71,140.71 1 0
github.com\VivaLaPanda\uta-stream\api\api.go:140.71,142.28 2 0
github.com\VivaLaPanda\uta-stream\api\api.go:148.3,148.31 1 0
github.com\VivaLaPanda\uta-stream\api\api.go:156.3,157.17 2 0
github.com\VivaLaPanda\uta-stream\api\api.go:161.3,166.44 4 0
github.com\VivaLaPanda\uta-stream\api\api.go:142.28,147.4 3 0
github.com\VivaLaPanda\uta-stream\api\api.go:148.31,152.4 3 0
github.com\VivaLaPanda\uta-stream\api\api.go:157.17,160.4 2 0
github.com\VivaLaPanda\uta-stream\api\api.go:171.40,172.71 1 0
github.com\VivaLaPanda\uta-stream\api\api.go:172.71,179.3 3 0
github.com\VivaLaPanda\uta-stream\api\api.go:182.40,183.71 1 0
github.com\VivaLaPanda\uta-stream\api\api.go:183.71,187.3 3 0
github.com\VivaLaPanda\uta-stream\api\api.go:190.41,191.71 1 0
github.com\VivaLaPanda\uta-stream\api\api.go:191.71,196.3 3 0
github.com\VivaLaPanda\uta-stream\api\api.go:199.59,200.71 1 0
github.com\VivaLaPanda\uta-stream\api\api.go:200.71,220.17 4 0
github.com\VivaLaPanda\uta-stream\api\api.go:226.3,227.38 2 0
github.com\VivaLaPanda\uta-stream\api\api.go:220.17,224.4 3 0
github.com\VivaLaPanda\uta-stream\api\api.go:231.66,232.46 1 0
github.com\VivaLaPanda\uta-stream\api\api.go:232.46,233.72 1 0
github.com\VivaLaPanda\uta-stream\api\api.go:233.72,234.17 1 0
github.com\VivaLaPanda\uta-stream\api\api.go:241.4,241.24 1 0
github.com\VivaLaPanda\uta-stream\api\api.go:234.17,236.12 2 0
github.com\VivaLaPanda\uta-stream\api\api.go:239.5,239.81 1 0
github.com\VivaLaPanda\uta-stream\api\api.go:236.12,238.6 1 0
github.com\VivaLaPanda\uta-stream\api\api.go:246.75,247.46 1 0
github.com\VivaLaPanda\uta-stream\api\api.go:247.46,248.72 1 0
github.com\VivaLaPanda\uta-stream\api\api.go:248.72,250.23 2 0
github.com\VivaLaPanda\uta-stream\api\api.go:253.4,255.41 3 0
github.com\VivaLaPanda\uta-stream\api\api.go:250.23,252.5 1 0
github.com\VivaLaPanda\uta-stream\api\api.go:260.55,261.71 1 0
github.com\VivaLaPanda\uta-stream\api\api.go:261.71,267.3 3 0
github.com\VivaLaPanda\uta-stream\api\auth.go:20.97,23.26 3 4
github.com\VivaLaPanda\uta-stream\api\auth.go:26.2,28.16 3 3
github.com\VivaLaPanda\uta-stream\api\auth.go:32.2,35.16 4 2
github.com\VivaLaPanda\uta-stream\api\auth.go:40.2,41.16 2 2
github.com\VivaLaPanda\uta-stream\api\auth.go:45.2,47.28 3 2
github.com\VivaLaPanda\uta-stream\api\auth.go:23.26,25.3 1 1
github.com\VivaLaPanda\uta-stream\api\auth.go:28.16,30.3 1 1
github.com\VivaLaPanda\uta-stream\api\auth.go:35.16,37.3 1 0
github.com\VivaLaPanda\uta-stream\api\auth.go:41.16,43.3 1 0
github.com\VivaLaPanda\uta-stream\api\auth.go:52.71,53.71 1 0
github.com\VivaLaPanda\uta-stream\api\auth.go:53.71,54.19 1 0
github.com\VivaLaPanda\uta-stream\api\auth.go:59.3,62.38 3 0
github.com\VivaLaPanda\uta-stream\api\auth.go:54.19,57.4 2 0
github.com\VivaLaPanda\uta-stream\api\auth.go:62.38,65.4 1 0
github.com\VivaLaPanda\uta-stream\api\auth.go:65.9,68.4 1 0
github.com\VivaLaPanda\uta-stream\api\auth.go:72.83,74.46 1 2
github.com\VivaLaPanda\uta-stream\api\auth.go:78.2,79.50 2 2
github.com\VivaLaPanda\uta-stream\api\auth.go:74.46,77.3 1 0
github.com\VivaLaPanda\uta-stream\api\auth.go:79.50,80.30 1 2
github.com\VivaLaPanda\uta-stream\api\auth.go:89.3,89.15 1 0
github.com\VivaLaPanda\uta-stream\api\auth.go:80.30,81.19 1 2
github.com\VivaLaPanda\uta-stream\api\auth.go:85.4,85.34 1 1
github.com\VivaLaPanda\uta-stream\api\auth.go:81.19,83.5 1 1
github.com\VivaLaPanda\uta-stream\api\auth.go:85.34,87.5 1 1
github.com\VivaLaPanda\uta-stream\api\auth.go:90.8,92.3 1 0
github.com\VivaLaPanda\uta-stream\resource\cache\cache.go:35.60,46.16 4 3
github.com\VivaLaPanda\uta-stream\resource\cache\cache.go:53.2,53.16 1 3
github.com\VivaLaPanda\uta-stream\resource\cache\cache.go:58.2,58.10 1 3
github.com\VivaLaPanda\uta-stream\resource\cache\cache.go:46.16,48.3 1 0
github.com\VivaLaPanda\uta-stream\resource\cache\cache.go:48.8,48.31 1 3
github.com\VivaLaPanda\uta-stream\resource\cache\cache.go:48.31,51.3 2 3
github.com\VivaLaPanda\uta-stream\resource\cache\cache.go:53.16,55.19 2 0
github.com\VivaLaPanda\uta-stream\resource\cache\cache.go:63.46,66.16 3 7
github.com\VivaLaPanda\uta-stream\resource\cache\cache.go:70.2,73.12 3 7
github.com\VivaLaPanda\uta-stream\resource\cache\cache.go:66.16,68.3 1 0
github.com\VivaLaPanda\uta-stream\resource\cache\cache.go:79.45,82.16 3 2
github.com\VivaLaPanda\uta-stream\resource\cache\cache.go:86.2,89.12 3 2
github.com\VivaLaPanda\uta-stream\resource\cache\cache.go:82.16,84.3 1 0
github.com\VivaLaPanda\uta-stream\resource\cache\cache.go:94.106,96.16 2 3
github.com\VivaLaPanda\uta-stream\resource\cache\cache.go:100.2,100.34 1 3
github.com\VivaLaPanda\uta-stream\resource\cache\cache.go:121.2,121.18 1 3
github.com\VivaLaPanda\uta-stream\resource\cache\cache.go:96.16,98.3 1 0
github.com\VivaLaPanda\uta-stream\resource\cache\cache.go:100.34,103.17 2 2
github.com\VivaLaPanda\uta-stream\resource\cache\cache.go:108.3,110.14 2 2
github.com\VivaLaPanda\uta-stream\resource\cache\cache.go:103.17,105.4 1 0
github.com\VivaLaPanda\uta-stream\resource\cache\cache.go:110.14,111.19 1 1
github.com\VivaLaPanda\uta-stream\resource\cache\cache.go:111.19,115.5 3 1
github.com\VivaLaPanda\uta-stream\resource\cache\cache.go:116.9,118.4 1 1
github.com\VivaLaPanda\uta-stream\resource\cache\cache.go:125.68,127.16 2 2
github.com\VivaLaPanda\uta-stream\resource\cache\cache.go:132.2,132.88 1 2
github.com\VivaLaPanda\uta-stream\resource\cache\cache.go:141.2,141.32 1 2
github.com\VivaLaPanda\uta-stream\resource\cache\cache.go:127.16,129.3 1 0
github.com\VivaLaPanda\uta-stream\resource\cache\cache.go:132.88,135.3 2 0
github.com\VivaLaPanda\uta-stream\resource\cache\cache.go:135.8,139.3 3 2
github.com\VivaLaPanda\uta-stream\queue\queue.go:27.81,34.2 1 2
github.com\VivaLaPanda\uta-stream\queue\queue.go:37.95,42.22 2 6
github.com\VivaLaPanda\uta-stream\queue\queue.go:64.2,73.16 6 4
github.com\VivaLaPanda\uta-stream\queue\queue.go:78.2,78.42 1 4
github.com\VivaLaPanda\uta-stream\queue\queue.go:42.22,43.21 1 2
github.com\VivaLaPanda\uta-stream\queue\queue.go:43.21,46.18 3 0
github.com\VivaLaPanda\uta-stream\queue\queue.go:52.4,53.18 2 0
github.com\VivaLaPanda\uta-stream\queue\queue.go:58.4,58.44 1 0
github.com\VivaLaPanda\uta-stream\queue\queue.go:46.18,48.5 1 0
github.com\VivaLaPanda\uta-stream\queue\queue.go:53.18,56.5 2 0
github.com\VivaLaPanda\uta-stream\queue\queue.go:59.9,61.4 1 2
github.com\VivaLaPanda\uta-stream\queue\queue.go:73.16,76.3 2 0
github.com\VivaLaPanda\uta-stream\queue\queue.go:83.32,84.22 1 0
github.com\VivaLaPanda\uta-stream\queue\queue.go:90.2,90.14 1 0
github.com\VivaLaPanda\uta-stream\queue\queue.go:84.22,85.22 1 0
github.com\VivaLaPanda\uta-stream\queue\queue.go:85.22,87.4 1 0
github.com\VivaLaPanda\uta-stream\queue\queue.go:94.49,98.2 3 2
github.com\VivaLaPanda\uta-stream\queue\queue.go:101.47,105.2 3 2
github.com\VivaLaPanda\uta-stream\queue\queue.go:108.24,112.2 3 0
github.com\VivaLaPanda\uta-stream\queue\queue.go:115.30,117.2 1 0
github.com\VivaLaPanda\uta-stream\queue\queue.go:121.45,125.32 3 0
github.com\VivaLaPanda\uta-stream\queue\queue.go:132.2,132.39 1 0
github.com\VivaLaPanda\uta-stream\queue\queue.go:135.2,143.14 6 0
github.com\VivaLaPanda\uta-stream\queue\queue.go:125.32,127.17 2 0
github.com\VivaLaPanda\uta-stream\queue\queue.go:127.17,130.4 2 0
github.com\VivaLaPanda\uta-stream\queue\queue.go:132.39,134.3 1 0
github.com\VivaLaPanda\uta-stream\queue\queue.go:146.57,149.2 2 0
github.com\VivaLaPanda\uta-stream\queue\queue.go:155.61,157.2 1 0
